<?xml version="1.0" encoding="UTF-8"?>
<TestRun id="451f2ba0-7f80-437c-bc78-b39d1481cc22" name="Igor@HOME-IGOR 2016-12-22 20:43:31" runUser="HOME-IGOR\Igor" xmlns="http://microsoft.com/schemas/VisualStudio/TeamTest/2006">
  <TestRunConfiguration name="Local Test Run" id="414542f7-8099-42bd-9259-2012c19926d8">
    <Description>This is a default test run configuration for a local test run.</Description>
    <Deployment runDeploymentRoot="D:\doc\Visual Studio 2008\Projects\CryptoBase\TestResults\Igor_HOME-IGOR 2016-12-22 20_43_31">
      <DeploymentItem filename="D:\doc\Visual Studio 2008\Projects\CryptoBase\CryptoBase\bin\Debug\CryptoBase.dll" />
    </Deployment>
    <TestTypeSpecific />
  </TestRunConfiguration>
  <ResultSummary outcome="Error">
    <Counters total="5" executed="1" error="0" failed="0" timeout="0" aborted="1" inconclusive="0" passedButRunAborted="0" notRunnable="0" notExecuted="4" disconnected="0" warning="0" passed="0" completed="0" inProgress="0" pending="0" />
    <RunInfos>
      <RunInfo computerName="HOME-IGOR" outcome="Error" timestamp="2016-12-22T20:44:11.1562500+03:00">
        <Text>Test host process exited unexpectedly.</Text>
      </RunInfo>
    </RunInfos>
  </ResultSummary>
  <Times creation="2016-12-22T20:43:31.4375000+03:00" queuing="2016-12-22T20:43:32.3906250+03:00" start="2016-12-22T20:43:32.6093750+03:00" finish="2016-12-22T20:44:11.1562500+03:00" />
  <TestDefinitions>
    <UnitTest name="Equal_text_block_RC5" storage="d:\doc\visual studio 2008\projects\cryptobase\testproject_cryptobase\bin\debug\testproject_cryptobase.dll" id="4b1c83bc-d7fa-778d-75bf-6aa98b483014">
      <Css projectStructure="" iteration="" />
      <Owners>
        <Owner name="" />
      </Owners>
      <Execution id="418fcc21-9a18-431e-bad1-9b3fa611a26a" />
      <TestMethod codeBase="D:\doc\Visual Studio 2008\Projects\CryptoBase\TestProject_CryptoBase\bin\Debug\TestProject_CryptoBase.dll" adapterTypeName="Microsoft.VisualStudio.TestTools.TestTypes.Unit.UnitTestAdapter, Microsoft.VisualStudio.QualityTools.Tips.UnitTest.Adapter, Version=9.0.0.0, Culture=neutral, PublicKeyToken=b03f5f7f11d50a3a" className="CryptoBase.Test_RC5, TestProject_CryptoBase" name="Equal_text_block_RC5" />
    </UnitTest>
    <UnitTest name="EncryptDecriptEqualsElGamal" storage="d:\doc\visual studio 2008\projects\cryptobase\testproject_cryptobase\bin\debug\testproject_cryptobase.dll" id="2674be3d-04e8-205a-745c-2d47be0b5899">
      <Css projectStructure="" iteration="" />
      <Owners>
        <Owner name="" />
      </Owners>
      <Execution id="3b578b13-489c-4374-b73a-625d036fda70" />
      <TestMethod codeBase="D:\doc\Visual Studio 2008\Projects\CryptoBase\TestProject_CryptoBase\bin\Debug\TestProject_CryptoBase.dll" adapterTypeName="Microsoft.VisualStudio.TestTools.TestTypes.Unit.UnitTestAdapter, Microsoft.VisualStudio.QualityTools.Tips.UnitTest.Adapter, Version=9.0.0.0, Culture=neutral, PublicKeyToken=b03f5f7f11d50a3a" className="CryptoBase.TestElgamal, TestProject_CryptoBase" name="EncryptDecriptEqualsElGamal" />
    </UnitTest>
    <UnitTest name="Equal_text_symbol_RC5" storage="d:\doc\visual studio 2008\projects\cryptobase\testproject_cryptobase\bin\debug\testproject_cryptobase.dll" id="654aca97-47c3-31c0-4cee-91a7df883853">
      <Css projectStructure="" iteration="" />
      <Owners>
        <Owner name="" />
      </Owners>
      <Execution id="00ff2766-e9c3-4d57-b8b5-eea1d526b029" />
      <TestMethod codeBase="D:\doc\Visual Studio 2008\Projects\CryptoBase\TestProject_CryptoBase\bin\Debug\TestProject_CryptoBase.dll" adapterTypeName="Microsoft.VisualStudio.TestTools.TestTypes.Unit.UnitTestAdapter, Microsoft.VisualStudio.QualityTools.Tips.UnitTest.Adapter, Version=9.0.0.0, Culture=neutral, PublicKeyToken=b03f5f7f11d50a3a" className="CryptoBase.Test_RC5, TestProject_CryptoBase" name="Equal_text_symbol_RC5" />
    </UnitTest>
    <UnitTest name="Equal_text_long_RC5" storage="d:\doc\visual studio 2008\projects\cryptobase\testproject_cryptobase\bin\debug\testproject_cryptobase.dll" id="6b46315d-453b-4c1d-4e91-eb01be920271">
      <Css projectStructure="" iteration="" />
      <Owners>
        <Owner name="" />
      </Owners>
      <Execution id="573e5a13-844d-4d34-8ab0-58af10643fc4" />
      <TestMethod codeBase="D:\doc\Visual Studio 2008\Projects\CryptoBase\TestProject_CryptoBase\bin\Debug\TestProject_CryptoBase.dll" adapterTypeName="Microsoft.VisualStudio.TestTools.TestTypes.Unit.UnitTestAdapter, Microsoft.VisualStudio.QualityTools.Tips.UnitTest.Adapter, Version=9.0.0.0, Culture=neutral, PublicKeyToken=b03f5f7f11d50a3a" className="CryptoBase.Test_RC5, TestProject_CryptoBase" name="Equal_text_long_RC5" />
    </UnitTest>
    <UnitTest name="EncryptDecryptDifferentLengthElGamal" storage="d:\doc\visual studio 2008\projects\cryptobase\testproject_cryptobase\bin\debug\testproject_cryptobase.dll" id="6433220f-a1e0-46d9-af1d-987982e624bb">
      <Css projectStructure="" iteration="" />
      <Owners>
        <Owner name="" />
      </Owners>
      <Execution id="6e4df711-6d1e-4ed0-8233-896e22a4442d" />
      <TestMethod codeBase="D:\doc\Visual Studio 2008\Projects\CryptoBase\TestProject_CryptoBase\bin\Debug\TestProject_CryptoBase.dll" adapterTypeName="Microsoft.VisualStudio.TestTools.TestTypes.Unit.UnitTestAdapter, Microsoft.VisualStudio.QualityTools.Tips.UnitTest.Adapter, Version=9.0.0.0, Culture=neutral, PublicKeyToken=b03f5f7f11d50a3a" className="CryptoBase.TestElgamal, TestProject_CryptoBase" name="EncryptDecryptDifferentLengthElGamal" />
    </UnitTest>
  </TestDefinitions>
  <TestLists>
    <TestList name="Results Not in a List" id="8c84fa94-04c1-424b-9868-57a2d4851a1d" />
    <TestList name="All Loaded Results" id="19431567-8539-422a-85d7-44ee4e166bda" />
  </TestLists>
  <TestEntries>
    <TestEntry testId="2674be3d-04e8-205a-745c-2d47be0b5899" executionId="4b0e940d-3c28-4c0f-b2d7-789723d070c7" testListId="8c84fa94-04c1-424b-9868-57a2d4851a1d" />
    <TestEntry testId="4b1c83bc-d7fa-778d-75bf-6aa98b483014" executionId="9e57db73-64fa-4177-8356-25e782793bfc" testListId="8c84fa94-04c1-424b-9868-57a2d4851a1d" />
    <TestEntry testId="6433220f-a1e0-46d9-af1d-987982e624bb" executionId="0ed48f0b-ab9c-4fa2-bead-141422b843f1" testListId="8c84fa94-04c1-424b-9868-57a2d4851a1d" />
    <TestEntry testId="654aca97-47c3-31c0-4cee-91a7df883853" executionId="9f964805-f601-4019-b6d1-dad094699f52" testListId="8c84fa94-04c1-424b-9868-57a2d4851a1d" />
    <TestEntry testId="6b46315d-453b-4c1d-4e91-eb01be920271" executionId="5e00432f-5178-411e-abe2-fdf72cf3ee7a" testListId="8c84fa94-04c1-424b-9868-57a2d4851a1d" />
  </TestEntries>
  <Results>
    <UnitTestResult executionId="4b0e940d-3c28-4c0f-b2d7-789723d070c7" testId="2674be3d-04e8-205a-745c-2d47be0b5899" testName="EncryptDecriptEqualsElGamal" computerName="HOME-IGOR" duration="00:00:38.4687500" startTime="2016-12-22T20:43:32.6875000+03:00" endTime="2016-12-22T20:44:11.1562500+03:00" testType="13cdc9d9-ddb5-4fa4-a97d-d965ccfc6d4b" outcome="Aborted" testListId="8c84fa94-04c1-424b-9868-57a2d4851a1d">
    </UnitTestResult>
    <UnitTestResult executionId="9e57db73-64fa-4177-8356-25e782793bfc" testId="4b1c83bc-d7fa-778d-75bf-6aa98b483014" testName="Equal_text_block_RC5" computerName="HOME-IGOR" duration="00:00:00" startTime="0001-01-01T03:00:00.0000000+03:00" endTime="0001-01-01T03:00:00.0000000+03:00" testType="13cdc9d9-ddb5-4fa4-a97d-d965ccfc6d4b" outcome="NotExecuted" testListId="8c84fa94-04c1-424b-9868-57a2d4851a1d">
    </UnitTestResult>
    <UnitTestResult executionId="0ed48f0b-ab9c-4fa2-bead-141422b843f1" testId="6433220f-a1e0-46d9-af1d-987982e624bb" testName="EncryptDecryptDifferentLengthElGamal" computerName="HOME-IGOR" duration="00:00:00" startTime="0001-01-01T03:00:00.0000000+03:00" endTime="0001-01-01T03:00:00.0000000+03:00" testType="13cdc9d9-ddb5-4fa4-a97d-d965ccfc6d4b" outcome="NotExecuted" testListId="8c84fa94-04c1-424b-9868-57a2d4851a1d">
    </UnitTestResult>
    <UnitTestResult executionId="9f964805-f601-4019-b6d1-dad094699f52" testId="654aca97-47c3-31c0-4cee-91a7df883853" testName="Equal_text_symbol_RC5" computerName="HOME-IGOR" duration="00:00:00" startTime="0001-01-01T03:00:00.0000000+03:00" endTime="0001-01-01T03:00:00.0000000+03:00" testType="13cdc9d9-ddb5-4fa4-a97d-d965ccfc6d4b" outcome="NotExecuted" testListId="8c84fa94-04c1-424b-9868-57a2d4851a1d">
    </UnitTestResult>
    <UnitTestResult executionId="5e00432f-5178-411e-abe2-fdf72cf3ee7a" testId="6b46315d-453b-4c1d-4e91-eb01be920271" testName="Equal_text_long_RC5" computerName="HOME-IGOR" duration="00:00:00" startTime="0001-01-01T03:00:00.0000000+03:00" endTime="0001-01-01T03:00:00.0000000+03:00" testType="13cdc9d9-ddb5-4fa4-a97d-d965ccfc6d4b" outcome="NotExecuted" testListId="8c84fa94-04c1-424b-9868-57a2d4851a1d">
    </UnitTestResult>
  </Results>
</TestRun>