<?xml version="1.0" encoding="UTF-8"?>
<TestRun id="2ef5e13e-cf65-4307-b741-c916601a4fc4" name="Igor@HOME-IGOR 2016-12-24 11:01:42" runUser="HOME-IGOR\Igor" xmlns="http://microsoft.com/schemas/VisualStudio/TeamTest/2006">
  <TestRunConfiguration name="Local Test Run" id="414542f7-8099-42bd-9259-2012c19926d8">
    <Description>This is a default test run configuration for a local test run.</Description>
    <Deployment runDeploymentRoot="D:\doc\Visual Studio 2008\Projects\CryptoBase\TestResults\Igor_HOME-IGOR 2016-12-24 11_01_42">
      <DeploymentItem filename="D:\doc\Visual Studio 2008\Projects\CryptoBase\CryptoBase\bin\Debug\CryptoBase.dll" />
    </Deployment>
    <TestTypeSpecific />
  </TestRunConfiguration>
  <ResultSummary outcome="Completed">
    <Counters total="7" executed="7" passed="7" error="0" failed="0" timeout="0" aborted="0" inconclusive="0" passedButRunAborted="0" notRunnable="0" notExecuted="0" disconnected="0" warning="0" completed="0" inProgress="0" pending="0" />
  </ResultSummary>
  <Times creation="2016-12-24T11:01:42.5156250+03:00" queuing="2016-12-24T11:01:48.0625000+03:00" start="2016-12-24T11:01:48.4687500+03:00" finish="2016-12-24T11:01:49.1875000+03:00" />
  <TestDefinitions>
    <UnitTest name="HashEquals" storage="d:\doc\visual studio 2008\projects\cryptobase\testproject_cryptobase\bin\debug\testproject_cryptobase.dll" id="70b357e7-5da8-adc3-dc3b-dcafba802a32">
      <Css projectStructure="" iteration="" />
      <Owners>
        <Owner name="" />
      </Owners>
      <Execution id="3642f875-8fc2-4d99-bf77-0e053ab43a76" />
      <TestMethod codeBase="D:\doc\Visual Studio 2008\Projects\CryptoBase\TestProject_CryptoBase\bin\Debug\TestProject_CryptoBase.dll" adapterTypeName="Microsoft.VisualStudio.TestTools.TestTypes.Unit.UnitTestAdapter, Microsoft.VisualStudio.QualityTools.Tips.UnitTest.Adapter, Version=9.0.0.0, Culture=neutral, PublicKeyToken=b03f5f7f11d50a3a" className="CryptoBase.TestMD5, TestProject_CryptoBase" name="HashEquals" />
    </UnitTest>
    <UnitTest name="Equal_text_block_RC5" storage="d:\doc\visual studio 2008\projects\cryptobase\testproject_cryptobase\bin\debug\testproject_cryptobase.dll" id="4b1c83bc-d7fa-778d-75bf-6aa98b483014">
      <Css projectStructure="" iteration="" />
      <Owners>
        <Owner name="" />
      </Owners>
      <Execution id="a9e44a0d-24c7-4b25-8e31-9b702e32a3e4" />
      <TestMethod codeBase="D:\doc\Visual Studio 2008\Projects\CryptoBase\TestProject_CryptoBase\bin\Debug\TestProject_CryptoBase.dll" adapterTypeName="Microsoft.VisualStudio.TestTools.TestTypes.Unit.UnitTestAdapter, Microsoft.VisualStudio.QualityTools.Tips.UnitTest.Adapter, Version=9.0.0.0, Culture=neutral, PublicKeyToken=b03f5f7f11d50a3a" className="CryptoBase.Test_RC5, TestProject_CryptoBase" name="Equal_text_block_RC5" />
    </UnitTest>
    <UnitTest name="EncryptDecriptEqualsElGamal" storage="d:\doc\visual studio 2008\projects\cryptobase\testproject_cryptobase\bin\debug\testproject_cryptobase.dll" id="2674be3d-04e8-205a-745c-2d47be0b5899">
      <Css projectStructure="" iteration="" />
      <Owners>
        <Owner name="" />
      </Owners>
      <Execution id="0c627225-2736-4b90-8498-3ed1a8f87c3c" />
      <TestMethod codeBase="D:\doc\Visual Studio 2008\Projects\CryptoBase\TestProject_CryptoBase\bin\Debug\TestProject_CryptoBase.dll" adapterTypeName="Microsoft.VisualStudio.TestTools.TestTypes.Unit.UnitTestAdapter, Microsoft.VisualStudio.QualityTools.Tips.UnitTest.Adapter, Version=9.0.0.0, Culture=neutral, PublicKeyToken=b03f5f7f11d50a3a" className="CryptoBase.TestElgamal, TestProject_CryptoBase" name="EncryptDecriptEqualsElGamal" />
    </UnitTest>
    <UnitTest name="Equal_text_symbol_RC5" storage="d:\doc\visual studio 2008\projects\cryptobase\testproject_cryptobase\bin\debug\testproject_cryptobase.dll" id="654aca97-47c3-31c0-4cee-91a7df883853">
      <Css projectStructure="" iteration="" />
      <Owners>
        <Owner name="" />
      </Owners>
      <Execution id="eebbb43f-d8b1-4153-b8a4-d482fb4e6786" />
      <TestMethod codeBase="D:\doc\Visual Studio 2008\Projects\CryptoBase\TestProject_CryptoBase\bin\Debug\TestProject_CryptoBase.dll" adapterTypeName="Microsoft.VisualStudio.TestTools.TestTypes.Unit.UnitTestAdapter, Microsoft.VisualStudio.QualityTools.Tips.UnitTest.Adapter, Version=9.0.0.0, Culture=neutral, PublicKeyToken=b03f5f7f11d50a3a" className="CryptoBase.Test_RC5, TestProject_CryptoBase" name="Equal_text_symbol_RC5" />
    </UnitTest>
    <UnitTest name="Equal_text_long_RC5" storage="d:\doc\visual studio 2008\projects\cryptobase\testproject_cryptobase\bin\debug\testproject_cryptobase.dll" id="6b46315d-453b-4c1d-4e91-eb01be920271">
      <Css projectStructure="" iteration="" />
      <Owners>
        <Owner name="" />
      </Owners>
      <Execution id="01c41518-f909-408f-88cf-fe2f94579fee" />
      <TestMethod codeBase="D:\doc\Visual Studio 2008\Projects\CryptoBase\TestProject_CryptoBase\bin\Debug\TestProject_CryptoBase.dll" adapterTypeName="Microsoft.VisualStudio.TestTools.TestTypes.Unit.UnitTestAdapter, Microsoft.VisualStudio.QualityTools.Tips.UnitTest.Adapter, Version=9.0.0.0, Culture=neutral, PublicKeyToken=b03f5f7f11d50a3a" className="CryptoBase.Test_RC5, TestProject_CryptoBase" name="Equal_text_long_RC5" />
    </UnitTest>
    <UnitTest name="EncryptDecryptDifferentLengthElGamal" storage="d:\doc\visual studio 2008\projects\cryptobase\testproject_cryptobase\bin\debug\testproject_cryptobase.dll" id="6433220f-a1e0-46d9-af1d-987982e624bb">
      <Css projectStructure="" iteration="" />
      <Owners>
        <Owner name="" />
      </Owners>
      <Execution id="1e60226d-d2aa-40b0-8880-c315439a57b3" />
      <TestMethod codeBase="D:\doc\Visual Studio 2008\Projects\CryptoBase\TestProject_CryptoBase\bin\Debug\TestProject_CryptoBase.dll" adapterTypeName="Microsoft.VisualStudio.TestTools.TestTypes.Unit.UnitTestAdapter, Microsoft.VisualStudio.QualityTools.Tips.UnitTest.Adapter, Version=9.0.0.0, Culture=neutral, PublicKeyToken=b03f5f7f11d50a3a" className="CryptoBase.TestElgamal, TestProject_CryptoBase" name="EncryptDecryptDifferentLengthElGamal" />
    </UnitTest>
    <UnitTest name="EmptyHashEquals" storage="d:\doc\visual studio 2008\projects\cryptobase\testproject_cryptobase\bin\debug\testproject_cryptobase.dll" id="dcb19fc5-f168-599e-1389-6943a1334eae">
      <Css projectStructure="" iteration="" />
      <Owners>
        <Owner name="" />
      </Owners>
      <Execution id="4de7f266-8c3b-45fb-a706-d81e514bc729" />
      <TestMethod codeBase="D:\doc\Visual Studio 2008\Projects\CryptoBase\TestProject_CryptoBase\bin\Debug\TestProject_CryptoBase.dll" adapterTypeName="Microsoft.VisualStudio.TestTools.TestTypes.Unit.UnitTestAdapter, Microsoft.VisualStudio.QualityTools.Tips.UnitTest.Adapter, Version=9.0.0.0, Culture=neutral, PublicKeyToken=b03f5f7f11d50a3a" className="CryptoBase.TestMD5, TestProject_CryptoBase" name="EmptyHashEquals" />
    </UnitTest>
  </TestDefinitions>
  <TestLists>
    <TestList name="Results Not in a List" id="8c84fa94-04c1-424b-9868-57a2d4851a1d" />
    <TestList name="All Loaded Results" id="19431567-8539-422a-85d7-44ee4e166bda" />
  </TestLists>
  <TestEntries>
    <TestEntry testId="2674be3d-04e8-205a-745c-2d47be0b5899" executionId="0c627225-2736-4b90-8498-3ed1a8f87c3c" testListId="8c84fa94-04c1-424b-9868-57a2d4851a1d" />
    <TestEntry testId="4b1c83bc-d7fa-778d-75bf-6aa98b483014" executionId="a9e44a0d-24c7-4b25-8e31-9b702e32a3e4" testListId="8c84fa94-04c1-424b-9868-57a2d4851a1d" />
    <TestEntry testId="6433220f-a1e0-46d9-af1d-987982e624bb" executionId="1e60226d-d2aa-40b0-8880-c315439a57b3" testListId="8c84fa94-04c1-424b-9868-57a2d4851a1d" />
    <TestEntry testId="654aca97-47c3-31c0-4cee-91a7df883853" executionId="eebbb43f-d8b1-4153-b8a4-d482fb4e6786" testListId="8c84fa94-04c1-424b-9868-57a2d4851a1d" />
    <TestEntry testId="6b46315d-453b-4c1d-4e91-eb01be920271" executionId="01c41518-f909-408f-88cf-fe2f94579fee" testListId="8c84fa94-04c1-424b-9868-57a2d4851a1d" />
    <TestEntry testId="70b357e7-5da8-adc3-dc3b-dcafba802a32" executionId="3642f875-8fc2-4d99-bf77-0e053ab43a76" testListId="8c84fa94-04c1-424b-9868-57a2d4851a1d" />
    <TestEntry testId="dcb19fc5-f168-599e-1389-6943a1334eae" executionId="4de7f266-8c3b-45fb-a706-d81e514bc729" testListId="8c84fa94-04c1-424b-9868-57a2d4851a1d" />
  </TestEntries>
  <Results>
    <UnitTestResult executionId="0c627225-2736-4b90-8498-3ed1a8f87c3c" testId="2674be3d-04e8-205a-745c-2d47be0b5899" testName="EncryptDecriptEqualsElGamal" computerName="HOME-IGOR" duration="00:00:00.0793564" startTime="2016-12-24T11:01:48.5000000+03:00" endTime="2016-12-24T11:01:49.0156250+03:00" testType="13cdc9d9-ddb5-4fa4-a97d-d965ccfc6d4b" outcome="Passed" testListId="8c84fa94-04c1-424b-9868-57a2d4851a1d">
      <Output>
      </Output>
    </UnitTestResult>
    <UnitTestResult executionId="a9e44a0d-24c7-4b25-8e31-9b702e32a3e4" testId="4b1c83bc-d7fa-778d-75bf-6aa98b483014" testName="Equal_text_block_RC5" computerName="HOME-IGOR" duration="00:00:00.0023368" startTime="2016-12-24T11:01:49.0156250+03:00" endTime="2016-12-24T11:01:49.0156250+03:00" testType="13cdc9d9-ddb5-4fa4-a97d-d965ccfc6d4b" outcome="Passed" testListId="8c84fa94-04c1-424b-9868-57a2d4851a1d">
      <Output>
      </Output>
    </UnitTestResult>
    <UnitTestResult executionId="1e60226d-d2aa-40b0-8880-c315439a57b3" testId="6433220f-a1e0-46d9-af1d-987982e624bb" testName="EncryptDecryptDifferentLengthElGamal" computerName="HOME-IGOR" duration="00:00:00.0644039" startTime="2016-12-24T11:01:49.0156250+03:00" endTime="2016-12-24T11:01:49.0937500+03:00" testType="13cdc9d9-ddb5-4fa4-a97d-d965ccfc6d4b" outcome="Passed" testListId="8c84fa94-04c1-424b-9868-57a2d4851a1d">
      <Output>
      </Output>
    </UnitTestResult>
    <UnitTestResult executionId="eebbb43f-d8b1-4153-b8a4-d482fb4e6786" testId="654aca97-47c3-31c0-4cee-91a7df883853" testName="Equal_text_symbol_RC5" computerName="HOME-IGOR" duration="00:00:00.0005045" startTime="2016-12-24T11:01:49.0937500+03:00" endTime="2016-12-24T11:01:49.0937500+03:00" testType="13cdc9d9-ddb5-4fa4-a97d-d965ccfc6d4b" outcome="Passed" testListId="8c84fa94-04c1-424b-9868-57a2d4851a1d">
      <Output>
      </Output>
    </UnitTestResult>
    <UnitTestResult executionId="01c41518-f909-408f-88cf-fe2f94579fee" testId="6b46315d-453b-4c1d-4e91-eb01be920271" testName="Equal_text_long_RC5" computerName="HOME-IGOR" duration="00:00:00.0005330" startTime="2016-12-24T11:01:49.0937500+03:00" endTime="2016-12-24T11:01:49.0937500+03:00" testType="13cdc9d9-ddb5-4fa4-a97d-d965ccfc6d4b" outcome="Passed" testListId="8c84fa94-04c1-424b-9868-57a2d4851a1d">
      <Output>
      </Output>
    </UnitTestResult>
    <UnitTestResult executionId="3642f875-8fc2-4d99-bf77-0e053ab43a76" testId="70b357e7-5da8-adc3-dc3b-dcafba802a32" testName="HashEquals" computerName="HOME-IGOR" duration="00:00:00.0219100" startTime="2016-12-24T11:01:49.0937500+03:00" endTime="2016-12-24T11:01:49.1250000+03:00" testType="13cdc9d9-ddb5-4fa4-a97d-d965ccfc6d4b" outcome="Passed" testListId="8c84fa94-04c1-424b-9868-57a2d4851a1d">
      <Output>
      </Output>
    </UnitTestResult>
    <UnitTestResult executionId="4de7f266-8c3b-45fb-a706-d81e514bc729" testId="dcb19fc5-f168-599e-1389-6943a1334eae" testName="EmptyHashEquals" computerName="HOME-IGOR" duration="00:00:00.0003673" startTime="2016-12-24T11:01:49.1250000+03:00" endTime="2016-12-24T11:01:49.1250000+03:00" testType="13cdc9d9-ddb5-4fa4-a97d-d965ccfc6d4b" outcome="Passed" testListId="8c84fa94-04c1-424b-9868-57a2d4851a1d">
      <Output>
      </Output>
    </UnitTestResult>
  </Results>
</TestRun>